<?xml version="1.0" encoding="UTF-8"?>
<testsuite name="lock.prac.Lock_Practice.service.VoteSimulation" tests="1" skipped="0" failures="1" errors="0" timestamp="2025-04-14T07:57:23.189Z" hostname="bagmin-eum-ui-MacBookPro.local" time="0.016">
  <properties/>
  <testcase name="동시_요청_중_하나만_투표에_성공해야_한다()" classname="lock.prac.Lock_Practice.service.VoteSimulation" time="0.016">
    <failure message="org.opentest4j.AssertionFailedError: 투표는 단 1건만 발생해야 한다. ==&gt; expected: &lt;1&gt; but was: &lt;10&gt;" type="org.opentest4j.AssertionFailedError">org.opentest4j.AssertionFailedError: 투표는 단 1건만 발생해야 한다. ==&gt; expected: &lt;1&gt; but was: &lt;10&gt;
	at app//org.junit.jupiter.api.AssertionFailureBuilder.build(AssertionFailureBuilder.java:151)
	at app//org.junit.jupiter.api.AssertionFailureBuilder.buildAndThrow(AssertionFailureBuilder.java:132)
	at app//org.junit.jupiter.api.AssertEquals.failNotEqual(AssertEquals.java:197)
	at app//org.junit.jupiter.api.AssertEquals.assertEquals(AssertEquals.java:150)
	at app//org.junit.jupiter.api.Assertions.assertEquals(Assertions.java:563)
	at app//lock.prac.Lock_Practice.service.VoteSimulation.동시_요청_중_하나만_투표에_성공해야_한다(VoteSimulation.java:54)
	at java.base@17.0.12/java.lang.reflect.Method.invoke(Method.java:568)
	at java.base@17.0.12/java.util.ArrayList.forEach(ArrayList.java:1511)
	at java.base@17.0.12/java.util.ArrayList.forEach(ArrayList.java:1511)
</failure>
  </testcase>
  <system-out><![CDATA[]]></system-out>
  <system-err><![CDATA[]]></system-err>
</testsuite>
